/Applications/MATLAB_R2022a.app/sys/ros1/maci64/ros1/etc/catkin/profile.d/99.roslisp.sh: line 21: /System/Volumes/Data/mathworks/devel/bat/B3p2/build/3p/derived/maci64/ros1/python_venv/bin/python3: No such file or directory
-- The C compiler identification is AppleClang 13.0.0.13000029
-- The CXX compiler identification is AppleClang 13.0.0.13000029
-- Detecting C compiler ABI info
-- Detecting C compiler ABI info - done
-- Check for working C compiler: /Applications/Xcode.app/Contents/Developer/Toolchains/XcodeDefault.xctoolchain/usr/bin/cc - skipped
-- Detecting C compile features
-- Detecting C compile features - done
-- Detecting CXX compiler ABI info
-- Detecting CXX compiler ABI info - done
-- Check for working CXX compiler: /Applications/Xcode.app/Contents/Developer/Toolchains/XcodeDefault.xctoolchain/usr/bin/c++ - skipped
-- Detecting CXX compile features
-- Detecting CXX compile features - done
-- Using CATKIN_DEVEL_PREFIX: /Users/flyinglightspec/Documents/ROSpackages/matlab_msg_gen_ros1/maci64/devel
-- Using CMAKE_PREFIX_PATH: /Applications/MATLAB_R2022a.app/sys/ros1/maci64/ros1;/Applications/MATLAB_R2022a.app/toolbox/ros/mlroscpp/custom_messages
-- This workspace overlays: /Applications/MATLAB_R2022a.app/sys/ros1/maci64/ros1;/Applications/MATLAB_R2022a.app/toolbox/ros/mlroscpp/custom_messages
-- Found PythonInterp: /Users/flyinglightspec/.matlab/R2022a/ros1/maci64/venv/bin/python3 (found suitable version "3.9.10", minimum required is "3") 
-- Using PYTHON_EXECUTABLE: /Users/flyinglightspec/.matlab/R2022a/ros1/maci64/venv/bin/python3
-- Using default Python package layout
-- Found PY_em: /Users/flyinglightspec/.matlab/R2022a/ros1/maci64/venv/lib/python3.9/site-packages/em.py  
-- Using empy: /Users/flyinglightspec/.matlab/R2022a/ros1/maci64/venv/lib/python3.9/site-packages/em.py
-- Using CATKIN_ENABLE_TESTING: off
-- catkin 0.8.10
-- BUILD_SHARED_LIBS is on
/Applications/MATLAB_R2022a.app/sys/ros1/maci64/ros1/etc/catkin/profile.d/99.roslisp.sh: line 21: /System/Volumes/Data/mathworks/devel/bat/B3p2/build/3p/derived/maci64/ros1/python_venv/bin/python3: No such file or directory
-- BUILD_SHARED_LIBS is on
-- ~~~~~~~~~~~~~~~~~~~~~~~~~~~~~~~~~~~~~~~~~~~~~~~~~
-- ~~  traversing 1 packages in topological order:
-- ~~  - flyinglightspeck
-- ~~~~~~~~~~~~~~~~~~~~~~~~~~~~~~~~~~~~~~~~~~~~~~~~~
-- +++ processing catkin package: 'flyinglightspeck'
-- ==> add_subdirectory(flyinglightspeck)
-- Disabling the following message generators: geneus;genlisp;gennodejs
-- Using these message generators: gencpp;genpy
-- flyinglightspeck: 2 messages, 1 services
-- Configuring done
-- Generating done
CMake Warning:
  Manually-specified variables were not used by the project:

    Boost_NAMESPACE


-- Build files have been written to: /Users/flyinglightspec/Documents/ROSpackages/matlab_msg_gen_ros1/maci64/build
[1/16] cd /Users/flyinglightspec/Documents/ROSpackages/matlab_msg_gen_ros1/maci64/build/flyinglightspeck && /Users/flyinglightspec/Documents/ROSpackages/matlab_msg_gen_ros1/maci64/build/catkin_generated/env_cached.sh /Users/flyinglightspec/.matlab/R2022a/ros1/maci64/venv/bin/python3 /Applications/MATLAB_R2022a.app/sys/ros1/maci64/ros1/share/genmsg/cmake/../../../lib/genmsg/genmsg_check_deps.py flyinglightspeck /Users/flyinglightspec/Documents/ROSpackages/matlab_msg_gen_ros1/maci64/src/flyinglightspeck/msg/Header.msg
[2/16] cd /Users/flyinglightspec/Documents/ROSpackages/matlab_msg_gen_ros1/maci64/build/flyinglightspeck && /Users/flyinglightspec/Documents/ROSpackages/matlab_msg_gen_ros1/maci64/build/catkin_generated/env_cached.sh /Users/flyinglightspec/.matlab/R2022a/ros1/maci64/venv/bin/python3 /Applications/MATLAB_R2022a.app/sys/ros1/maci64/ros1/share/genmsg/cmake/../../../lib/genmsg/genmsg_check_deps.py flyinglightspeck /Users/flyinglightspec/Documents/ROSpackages/matlab_msg_gen_ros1/maci64/src/flyinglightspeck/msg/fls.msg
[3/16] cd /Users/flyinglightspec/Documents/ROSpackages/matlab_msg_gen_ros1/maci64/build/flyinglightspeck && /Users/flyinglightspec/Documents/ROSpackages/matlab_msg_gen_ros1/maci64/build/catkin_generated/env_cached.sh /Users/flyinglightspec/.matlab/R2022a/ros1/maci64/venv/bin/python3 /Applications/MATLAB_R2022a.app/sys/ros1/maci64/ros1/share/genmsg/cmake/../../../lib/genmsg/genmsg_check_deps.py flyinglightspeck /Users/flyinglightspec/Documents/ROSpackages/matlab_msg_gen_ros1/maci64/src/flyinglightspeck/srv/ReadFLS.srv
[4/16] Generating Python from MSG flyinglightspeck/Header
[5/16] Generating Python from MSG flyinglightspeck/fls
[6/16] Generating Python code from SRV flyinglightspeck/ReadFLS
[7/16] Generating C++ code from flyinglightspeck/fls.msg
[8/16] Generating C++ code from flyinglightspeck/Header.msg
[9/16] Generating Python msg __init__.py for flyinglightspeck
[10/16] Generating Python srv __init__.py for flyinglightspeck
[11/16] Generating C++ code from flyinglightspeck/ReadFLS.srv
[12/16] Building CXX object flyinglightspeck/CMakeFiles/flyinglightspeck_matlab.dir/src/flyinglightspeck_fls_message.cpp.o
[13/16] Building CXX object flyinglightspeck/CMakeFiles/flyinglightspeck_matlab.dir/src/flyinglightspeck_ReadFLS_service.cpp.o
[14/16] Building CXX object flyinglightspeck/CMakeFiles/flyinglightspeck_matlab.dir/src/flyinglightspeck_Header_message.cpp.o
[15/16] Linking CXX shared library /Users/flyinglightspec/Documents/ROSpackages/matlab_msg_gen_ros1/maci64/devel/lib/libflyinglightspeck_matlab.dylib
[15/16] Install the project...
-- Install configuration: "Release"
-- Installing: /Users/flyinglightspec/Documents/ROSpackages/matlab_msg_gen_ros1/maci64/install/_setup_util.py
-- Installing: /Users/flyinglightspec/Documents/ROSpackages/matlab_msg_gen_ros1/maci64/install/env.sh
-- Installing: /Users/flyinglightspec/Documents/ROSpackages/matlab_msg_gen_ros1/maci64/install/setup.bash
-- Installing: /Users/flyinglightspec/Documents/ROSpackages/matlab_msg_gen_ros1/maci64/install/local_setup.bash
-- Installing: /Users/flyinglightspec/Documents/ROSpackages/matlab_msg_gen_ros1/maci64/install/setup.sh
-- Installing: /Users/flyinglightspec/Documents/ROSpackages/matlab_msg_gen_ros1/maci64/install/local_setup.sh
-- Installing: /Users/flyinglightspec/Documents/ROSpackages/matlab_msg_gen_ros1/maci64/install/setup.zsh
-- Installing: /Users/flyinglightspec/Documents/ROSpackages/matlab_msg_gen_ros1/maci64/install/local_setup.zsh
-- Installing: /Users/flyinglightspec/Documents/ROSpackages/matlab_msg_gen_ros1/maci64/install/.rosinstall
-- Installing: /Users/flyinglightspec/Documents/ROSpackages/matlab_msg_gen_ros1/maci64/install/share/flyinglightspeck/msg/Header.msg
-- Installing: /Users/flyinglightspec/Documents/ROSpackages/matlab_msg_gen_ros1/maci64/install/share/flyinglightspeck/msg/fls.msg
-- Installing: /Users/flyinglightspec/Documents/ROSpackages/matlab_msg_gen_ros1/maci64/install/share/flyinglightspeck/srv/ReadFLS.srv
-- Installing: /Users/flyinglightspec/Documents/ROSpackages/matlab_msg_gen_ros1/maci64/install/share/flyinglightspeck/cmake/flyinglightspeck-msg-paths.cmake
-- Installing: /Users/flyinglightspec/Documents/ROSpackages/matlab_msg_gen_ros1/maci64/install/include/flyinglightspeck
-- Installing: /Users/flyinglightspec/Documents/ROSpackages/matlab_msg_gen_ros1/maci64/install/include/flyinglightspeck/fls.h
-- Installing: /Users/flyinglightspec/Documents/ROSpackages/matlab_msg_gen_ros1/maci64/install/include/flyinglightspeck/ReadFLS.h
-- Installing: /Users/flyinglightspec/Documents/ROSpackages/matlab_msg_gen_ros1/maci64/install/include/flyinglightspeck/Header.h
-- Installing: /Users/flyinglightspec/Documents/ROSpackages/matlab_msg_gen_ros1/maci64/install/include/flyinglightspeck/ReadFLSResponse.h
-- Installing: /Users/flyinglightspec/Documents/ROSpackages/matlab_msg_gen_ros1/maci64/install/include/flyinglightspeck/ReadFLSRequest.h
Listing '/Users/flyinglightspec/Documents/ROSpackages/matlab_msg_gen_ros1/maci64/devel/lib/python3.9/site-packages/flyinglightspeck'...
Compiling '/Users/flyinglightspec/Documents/ROSpackages/matlab_msg_gen_ros1/maci64/devel/lib/python3.9/site-packages/flyinglightspeck/__init__.py'...
Listing '/Users/flyinglightspec/Documents/ROSpackages/matlab_msg_gen_ros1/maci64/devel/lib/python3.9/site-packages/flyinglightspeck/msg'...
Compiling '/Users/flyinglightspec/Documents/ROSpackages/matlab_msg_gen_ros1/maci64/devel/lib/python3.9/site-packages/flyinglightspeck/msg/_Header.py'...
Compiling '/Users/flyinglightspec/Documents/ROSpackages/matlab_msg_gen_ros1/maci64/devel/lib/python3.9/site-packages/flyinglightspeck/msg/__init__.py'...
Compiling '/Users/flyinglightspec/Documents/ROSpackages/matlab_msg_gen_ros1/maci64/devel/lib/python3.9/site-packages/flyinglightspeck/msg/_fls.py'...
Listing '/Users/flyinglightspec/Documents/ROSpackages/matlab_msg_gen_ros1/maci64/devel/lib/python3.9/site-packages/flyinglightspeck/srv'...
Compiling '/Users/flyinglightspec/Documents/ROSpackages/matlab_msg_gen_ros1/maci64/devel/lib/python3.9/site-packages/flyinglightspeck/srv/_ReadFLS.py'...
Compiling '/Users/flyinglightspec/Documents/ROSpackages/matlab_msg_gen_ros1/maci64/devel/lib/python3.9/site-packages/flyinglightspeck/srv/__init__.py'...
-- Installing: /Users/flyinglightspec/Documents/ROSpackages/matlab_msg_gen_ros1/maci64/install/lib/python3.9/site-packages/flyinglightspeck
-- Installing: /Users/flyinglightspec/Documents/ROSpackages/matlab_msg_gen_ros1/maci64/install/lib/python3.9/site-packages/flyinglightspeck/msg
-- Installing: /Users/flyinglightspec/Documents/ROSpackages/matlab_msg_gen_ros1/maci64/install/lib/python3.9/site-packages/flyinglightspeck/msg/_fls.py
-- Installing: /Users/flyinglightspec/Documents/ROSpackages/matlab_msg_gen_ros1/maci64/install/lib/python3.9/site-packages/flyinglightspeck/msg/__init__.py
-- Installing: /Users/flyinglightspec/Documents/ROSpackages/matlab_msg_gen_ros1/maci64/install/lib/python3.9/site-packages/flyinglightspeck/msg/__pycache__
-- Installing: /Users/flyinglightspec/Documents/ROSpackages/matlab_msg_gen_ros1/maci64/install/lib/python3.9/site-packages/flyinglightspeck/msg/__pycache__/__init__.cpython-39.pyc
-- Installing: /Users/flyinglightspec/Documents/ROSpackages/matlab_msg_gen_ros1/maci64/install/lib/python3.9/site-packages/flyinglightspeck/msg/__pycache__/_fls.cpython-39.pyc
-- Installing: /Users/flyinglightspec/Documents/ROSpackages/matlab_msg_gen_ros1/maci64/install/lib/python3.9/site-packages/flyinglightspeck/msg/__pycache__/_Header.cpython-39.pyc
-- Installing: /Users/flyinglightspec/Documents/ROSpackages/matlab_msg_gen_ros1/maci64/install/lib/python3.9/site-packages/flyinglightspeck/msg/_Header.py
-- Installing: /Users/flyinglightspec/Documents/ROSpackages/matlab_msg_gen_ros1/maci64/install/lib/python3.9/site-packages/flyinglightspeck/__init__.py
-- Installing: /Users/flyinglightspec/Documents/ROSpackages/matlab_msg_gen_ros1/maci64/install/lib/python3.9/site-packages/flyinglightspeck/__pycache__
-- Installing: /Users/flyinglightspec/Documents/ROSpackages/matlab_msg_gen_ros1/maci64/install/lib/python3.9/site-packages/flyinglightspeck/__pycache__/__init__.cpython-39.pyc
-- Installing: /Users/flyinglightspec/Documents/ROSpackages/matlab_msg_gen_ros1/maci64/install/lib/python3.9/site-packages/flyinglightspeck/srv
-- Installing: /Users/flyinglightspec/Documents/ROSpackages/matlab_msg_gen_ros1/maci64/install/lib/python3.9/site-packages/flyinglightspeck/srv/_ReadFLS.py
-- Installing: /Users/flyinglightspec/Documents/ROSpackages/matlab_msg_gen_ros1/maci64/install/lib/python3.9/site-packages/flyinglightspeck/srv/__init__.py
-- Installing: /Users/flyinglightspec/Documents/ROSpackages/matlab_msg_gen_ros1/maci64/install/lib/python3.9/site-packages/flyinglightspeck/srv/__pycache__
-- Installing: /Users/flyinglightspec/Documents/ROSpackages/matlab_msg_gen_ros1/maci64/install/lib/python3.9/site-packages/flyinglightspeck/srv/__pycache__/__init__.cpython-39.pyc
-- Installing: /Users/flyinglightspec/Documents/ROSpackages/matlab_msg_gen_ros1/maci64/install/lib/python3.9/site-packages/flyinglightspeck/srv/__pycache__/_ReadFLS.cpython-39.pyc
-- Installing: /Users/flyinglightspec/Documents/ROSpackages/matlab_msg_gen_ros1/maci64/install/lib/pkgconfig/flyinglightspeck.pc
-- Installing: /Users/flyinglightspec/Documents/ROSpackages/matlab_msg_gen_ros1/maci64/install/share/flyinglightspeck/cmake/flyinglightspeck-msg-extras.cmake
-- Installing: /Users/flyinglightspec/Documents/ROSpackages/matlab_msg_gen_ros1/maci64/install/share/flyinglightspeck/cmake/flyinglightspeckConfig.cmake
-- Installing: /Users/flyinglightspec/Documents/ROSpackages/matlab_msg_gen_ros1/maci64/install/share/flyinglightspeck/cmake/flyinglightspeckConfig-version.cmake
-- Installing: /Users/flyinglightspec/Documents/ROSpackages/matlab_msg_gen_ros1/maci64/install/share/flyinglightspeck/package.xml
-- Up-to-date: /Users/flyinglightspec/Documents/ROSpackages/matlab_msg_gen_ros1/maci64/install/include
-- Up-to-date: /Users/flyinglightspec/Documents/ROSpackages/matlab_msg_gen_ros1/maci64/install/include/flyinglightspeck
-- Installing: /Users/flyinglightspec/Documents/ROSpackages/matlab_msg_gen_ros1/maci64/install/include/flyinglightspeck/visibility_control.h
-- Installing: /Users/flyinglightspec/Documents/ROSpackages/matlab_msg_gen_ros1/maci64/install/lib/libflyinglightspeck_matlab.dylib
-- Installing: /Users/flyinglightspec/Documents/ROSpackages/matlab_msg_gen_ros1/maci64/install/m/
-- Installing: /Users/flyinglightspec/Documents/ROSpackages/matlab_msg_gen_ros1/maci64/install/m//+ros
-- Installing: /Users/flyinglightspec/Documents/ROSpackages/matlab_msg_gen_ros1/maci64/install/m//+ros/+internal
-- Installing: /Users/flyinglightspec/Documents/ROSpackages/matlab_msg_gen_ros1/maci64/install/m//+ros/+internal/+ros
-- Installing: /Users/flyinglightspec/Documents/ROSpackages/matlab_msg_gen_ros1/maci64/install/m//+ros/+internal/+ros/+custommessages
-- Installing: /Users/flyinglightspec/Documents/ROSpackages/matlab_msg_gen_ros1/maci64/install/m//+ros/+internal/+ros/+custommessages/+flyinglightspeck
-- Installing: /Users/flyinglightspec/Documents/ROSpackages/matlab_msg_gen_ros1/maci64/install/m//+ros/+internal/+ros/+custommessages/+flyinglightspeck/readFLSRequest.m
-- Installing: /Users/flyinglightspec/Documents/ROSpackages/matlab_msg_gen_ros1/maci64/install/m//+ros/+internal/+ros/+custommessages/+flyinglightspeck/fls.m
-- Installing: /Users/flyinglightspec/Documents/ROSpackages/matlab_msg_gen_ros1/maci64/install/m//+ros/+internal/+ros/+custommessages/+flyinglightspeck/header.m
-- Installing: /Users/flyinglightspec/Documents/ROSpackages/matlab_msg_gen_ros1/maci64/install/m//+ros/+internal/+ros/+custommessages/+flyinglightspeck/readFLSResponse.m
-- Installing: /Users/flyinglightspec/Documents/ROSpackages/matlab_msg_gen_ros1/maci64/install/m//+ros/+msggen
-- Installing: /Users/flyinglightspec/Documents/ROSpackages/matlab_msg_gen_ros1/maci64/install/m//+ros/+msggen/+flyinglightspeck
-- Installing: /Users/flyinglightspec/Documents/ROSpackages/matlab_msg_gen_ros1/maci64/install/m//+ros/+msggen/+flyinglightspeck/ReadFLSRequest.m
-- Installing: /Users/flyinglightspec/Documents/ROSpackages/matlab_msg_gen_ros1/maci64/install/m//+ros/+msggen/+flyinglightspeck/fls.m
-- Installing: /Users/flyinglightspec/Documents/ROSpackages/matlab_msg_gen_ros1/maci64/install/m//+ros/+msggen/+flyinglightspeck/Header.m
-- Installing: /Users/flyinglightspec/Documents/ROSpackages/matlab_msg_gen_ros1/maci64/install/m//+ros/+msggen/+flyinglightspeck/ReadFLSResponse.m
Base path: /Users/flyinglightspec/Documents/ROSpackages/matlab_msg_gen_ros1/maci64
Source space: /Users/flyinglightspec/Documents/ROSpackages/matlab_msg_gen_ros1/maci64/src
Build space: /Users/flyinglightspec/Documents/ROSpackages/matlab_msg_gen_ros1/maci64/build
Devel space: /Users/flyinglightspec/Documents/ROSpackages/matlab_msg_gen_ros1/maci64/devel
Install space: /Users/flyinglightspec/Documents/ROSpackages/matlab_msg_gen_ros1/maci64/install
Creating symlink "/Users/flyinglightspec/Documents/ROSpackages/matlab_msg_gen_ros1/maci64/src/CMakeLists.txt" pointing to "/Applications/MATLAB_R2022a.app/sys/ros1/maci64/ros1/share/catkin/cmake/toplevel.cmake"
####
#### Running command: "cmake /Users/flyinglightspec/Documents/ROSpackages/matlab_msg_gen_ros1/maci64/src -DALIAS_ROS1_CLASS_LOADER=1 -DBoost_NAMESPACE=mwboost -DCATKIN_ENABLE_TESTING=off -DCMAKE_PREFIX_PATH=/Applications/MATLAB_R2022a.app/sys/ros1/maci64/ros1;/Applications/MATLAB_R2022a.app/toolbox/ros/mlroscpp/custom_messages -DCMAKE_BUILD_TYPE=Release -DCMAKE_CXX_FLAGS_RELEASE=-O0 -DCATKIN_DEVEL_PREFIX=/Users/flyinglightspec/Documents/ROSpackages/matlab_msg_gen_ros1/maci64/devel -DCMAKE_INSTALL_PREFIX=/Users/flyinglightspec/Documents/ROSpackages/matlab_msg_gen_ros1/maci64/install -G Ninja" in "/Users/flyinglightspec/Documents/ROSpackages/matlab_msg_gen_ros1/maci64/build"
####
####
#### Running command: "ninja install install -j16 -l16" in "/Users/flyinglightspec/Documents/ROSpackages/matlab_msg_gen_ros1/maci64/build"
####
